<?xml version="1.0" encoding="UTF-8"?>
<testng-results skipped="0" failed="0" total="1" passed="1">
  <reporter-output>
  </reporter-output>
  <suite name="Default suite" duration-ms="28" started-at="2019-12-04T00:54:00Z" finished-at="2019-12-04T00:54:00Z">
    <groups>
    </groups>
    <test name="Default test" duration-ms="28" started-at="2019-12-04T00:54:00Z" finished-at="2019-12-04T00:54:00Z">
      <class name="AppTest">
        <test-method status="PASS" signature="testApp()[pri:0, instance:AppTest@5474c6c]" name="testApp" duration-ms="9" started-at="2019-12-03T16:54:00Z" finished-at="2019-12-03T16:54:00Z">
          <reporter-output>
          </reporter-output>
        </test-method> <!-- testApp -->
      </class> <!-- AppTest -->
    </test> <!-- Default test -->
  </suite> <!-- Default suite -->
</testng-results>
