<?xml version="1.0" encoding="UTF-8"?>
<testng-results skipped="0" failed="0" ignored="0" total="2" passed="2">
  <reporter-output>
  </reporter-output>
  <suite name="Command line suite" duration-ms="867" started-at="2019-12-04T18:52:21Z" finished-at="2019-12-04T18:52:22Z">
    <groups>
    </groups>
    <test name="Command line test" duration-ms="867" started-at="2019-12-04T18:52:21Z" finished-at="2019-12-04T18:52:22Z">
      <class name="ExtentReportTest">
        <test-method status="PASS" signature="testApp()[pri:0, instance:ExtentReportTest@6a5fc7f7]" name="testApp" duration-ms="812" started-at="2019-12-04T18:52:21Z" finished-at="2019-12-04T18:52:22Z">
          <reporter-output>
          </reporter-output>
        </test-method> <!-- testApp -->
      </class> <!-- ExtentReportTest -->
      <class name="AppTest">
        <test-method status="PASS" signature="testApp()[pri:0, instance:AppTest@43a25848]" name="testApp" duration-ms="15" started-at="2019-12-04T18:52:21Z" finished-at="2019-12-04T18:52:21Z">
          <reporter-output>
          </reporter-output>
        </test-method> <!-- testApp -->
      </class> <!-- AppTest -->
    </test> <!-- Command line test -->
  </suite> <!-- Command line suite -->
</testng-results>
